[FORMAT]   [ID]            [TIME]              [MODULE]   [MESSAGE]
[35m[INIT]     [35mNone            [34m05/10/2024 13:20:02 [34m[LESSONS]  [0mLoad lesson algebra : 'Алгебра'
[35m[INIT]     [35mNone            [34m05/10/2024 13:20:02 [34m[LESSONS]  [0mLoad lesson english_lang_1 : 'Англ. Яз. (1 группа)'
[35m[INIT]     [35mNone            [34m05/10/2024 13:20:02 [34m[LESSONS]  [0mLoad lesson english_lang_2 : 'Англ. Яз. (2 группа)'
[35m[INIT]     [35mNone            [34m05/10/2024 13:20:02 [34m[LESSONS]  [0mLoad lesson biology : 'Биология'
[35m[INIT]     [35mNone            [34m05/10/2024 13:20:02 [34m[LESSONS]  [0mLoad lesson geography : 'География'
[35m[INIT]     [35mNone            [34m05/10/2024 13:20:02 [34m[LESSONS]  [0mLoad lesson geometry : 'Геометрия'
[35m[INIT]     [35mNone            [34m05/10/2024 13:20:02 [34m[LESSONS]  [0mLoad lesson computer_science_1 : 'Информатика (1 группа)'
[35m[INIT]     [35mNone            [34m05/10/2024 13:20:02 [34m[LESSONS]  [0mLoad lesson computer_science_2 : 'Информатика (2 группа)'
[35m[INIT]     [35mNone            [34m05/10/2024 13:20:02 [34m[LESSONS]  [0mLoad lesson story : 'История'
[35m[INIT]     [35mNone            [34m05/10/2024 13:20:02 [34m[LESSONS]  [0mLoad lesson literature : 'Литература'
[35m[INIT]     [35mNone            [34m05/10/2024 13:20:02 [34m[LESSONS]  [0mLoad lesson OBZR : 'ОБЗР'
[35m[INIT]     [35mNone            [34m05/10/2024 13:20:02 [34m[LESSONS]  [0mLoad lesson social_science : 'Обществознание'
[35m[INIT]     [35mNone            [34m05/10/2024 13:20:02 [34m[LESSONS]  [0mLoad lesson russian_lang : 'Русский язык'
[35m[INIT]     [35mNone            [34m05/10/2024 13:20:02 [34m[LESSONS]  [0mLoad lesson technology : 'Технология'
[35m[INIT]     [35mNone            [34m05/10/2024 13:20:02 [34m[LESSONS]  [0mLoad lesson physics : 'Физика'
[35m[INIT]     [35mNone            [34m05/10/2024 13:20:02 [34m[LESSONS]  [0mLoad lesson chemistry : 'Химия'
[35m[INIT]     [35mNone            [34m05/10/2024 13:20:02 [34m[LESSONS]  [0mLoaded 16 lessons
[35m[INIT]     [35mNone            [34m05/10/2024 13:20:02 [35m[INIT]     [0m__PARAGRAPH__: OK
[35m[INIT]     [35mNone            [34m05/10/2024 13:20:02 [35m[INIT]     [0m__UPDATE_HOMEWORK__: OK
[35m[INIT]     [35mNone            [34m05/10/2024 13:20:02 [35m[INIT]     [0m__UPDATE_HOMEWORK_P__: OK
[35m[INIT]     [35mNone            [34m05/10/2024 13:20:02 [35m[INIT]     [0m__UPDATE_URL__: OK
[35m[INIT]     [35mNone            [34m05/10/2024 13:20:02 [35m[INIT]     [0m__DELETE_SCHEDULE_WARN__: OK
[35m[INIT]     [35mNone            [34m05/10/2024 13:20:02 [35m[INIT]     [0m__DELETE_SCHEDULE__: OK
[35m[INIT]     [35mNone            [34m05/10/2024 13:20:02 [35m[INIT]     [0m__UPDATE_MENU__: OK
[35m[INIT]     [35mNone            [34m05/10/2024 13:20:02 [35m[INIT]     [0m__ADMIN_PANEL__: OK
[35m[INIT]     [35mNone            [34m05/10/2024 13:20:02 [35m[INIT]     [0m__NEWSLETTER_WARN__: OK
[35m[INIT]     [35mNone            [34m05/10/2024 13:20:02 [35m[INIT]     [0m__HOMEWORK__: OK
[35m[INIT]     [35mNone            [34m05/10/2024 13:20:02 [35m[INIT]     [0m__OFF__NOTIFICATIONS__: OK
[35m[INIT]     [35mNone            [34m05/10/2024 13:20:02 [33m[DB]       [0mConnecting to db
[35m[INIT]     [35mNone            [34m05/10/2024 13:20:02 [33m[DB]       [0mCreating tables
[35m[INIT]     [35mNone            [34m05/10/2024 13:20:02 [33m[DB]       [0mStarting sync lessons
[34m[DEBUG]    [35mNone            [34m05/10/2024 13:20:02 [33m[DB]       [0mSaving data to db
[32m[INFO]     [35mNone            [34m05/10/2024 13:20:02 [32m[MAIN]     [0mThe bot is running !
[32m[INFO]     [35m5731571131      [34m05/10/2024 13:20:03 [32m[HANDLER]  [0mReceived '[schedule:delete_warn]'
[34m[DEBUG]    [35m5731571131      [34m05/10/2024 13:20:03 [34m[UTILS]    [0mAdmin check: success
[32m[INFO]     [35m5731571131      [34m05/10/2024 13:20:11 [32m[HANDLER]  [0mCall '[schedule]'
[34m[DEBUG]    [35m5731571131      [34m05/10/2024 13:20:11 [34m[UTILS]    [0mAdmin check: success
[32m[INFO]     [35m5731571131      [34m05/10/2024 13:20:12 [32m[HANDLER]  [0mReceived '[schedule:delete_warn]'
[34m[DEBUG]    [35m5731571131      [34m05/10/2024 13:20:12 [34m[UTILS]    [0mAdmin check: success
[32m[INFO]     [35m5731571131      [34m05/10/2024 13:20:13 [32m[HANDLER]  [0mReceived '[schedule:delete]'
[34m[DEBUG]    [35m5731571131      [34m05/10/2024 13:20:13 [34m[UTILS]    [0mAdmin check: success
[32m[INFO]     [35m5731571131      [34m05/10/2024 13:20:17 [32m[HANDLER]  [0mCall '[schedule]'
[34m[DEBUG]    [35m5731571131      [34m05/10/2024 13:20:17 [34m[UTILS]    [0mAdmin check: success
[32m[INFO]     [35m5731571131      [34m05/10/2024 13:20:21 [32m[HANDLER]  [0mReceived '[schedule:delete]'
[34m[DEBUG]    [35m5731571131      [34m05/10/2024 13:20:21 [34m[UTILS]    [0mAdmin check: success
[32m[INFO]     [35m5731571131      [34m05/10/2024 13:20:30 [32m[HANDLER]  [0mReceived '[schedule:delete]'
[34m[DEBUG]    [35m5731571131      [34m05/10/2024 13:20:30 [34m[UTILS]    [0mAdmin check: success
[32m[INFO]     [35m5731571131      [34m05/10/2024 13:21:03 [32m[HANDLER]  [0mCall '[schedule]'
[34m[DEBUG]    [35m5731571131      [34m05/10/2024 13:21:04 [34m[UTILS]    [0mAdmin check: success
[32m[INFO]     [35m5731571131      [34m05/10/2024 13:21:05 [32m[HANDLER]  [0mReceived '[schedule:delete_warn]'
[34m[DEBUG]    [35m5731571131      [34m05/10/2024 13:21:05 [34m[UTILS]    [0mAdmin check: success
[32m[INFO]     [35m5731571131      [34m05/10/2024 13:21:06 [32m[HANDLER]  [0mReceived '[schedule:delete]'
[34m[DEBUG]    [35m5731571131      [34m05/10/2024 13:21:06 [34m[UTILS]    [0mAdmin check: success
