[FORMAT]   [ID]            [TIME]              [MODULE]   [MESSAGE]
[35m[INIT]     [35mNone            [34m04/10/2024 15:34:13 [34m[LESSONS]  [0mLoad lesson algebra : 'Алгебра'
[35m[INIT]     [35mNone            [34m04/10/2024 15:34:13 [34m[LESSONS]  [0mLoad lesson english_lang_1 : 'Англ. Яз. (1 группа)'
[35m[INIT]     [35mNone            [34m04/10/2024 15:34:13 [34m[LESSONS]  [0mLoad lesson english_lang_2 : 'Англ. Яз. (2 группа)'
[35m[INIT]     [35mNone            [34m04/10/2024 15:34:13 [34m[LESSONS]  [0mLoad lesson biology : 'Биология'
[35m[INIT]     [35mNone            [34m04/10/2024 15:34:13 [34m[LESSONS]  [0mLoad lesson geography : 'География'
[35m[INIT]     [35mNone            [34m04/10/2024 15:34:13 [34m[LESSONS]  [0mLoad lesson geometry : 'Геометрия'
[35m[INIT]     [35mNone            [34m04/10/2024 15:34:13 [34m[LESSONS]  [0mLoad lesson computer_science_1 : 'Информатика (1 группа)'
[35m[INIT]     [35mNone            [34m04/10/2024 15:34:13 [34m[LESSONS]  [0mLoad lesson computer_science_2 : 'Информатика (2 группа)'
[35m[INIT]     [35mNone            [34m04/10/2024 15:34:13 [34m[LESSONS]  [0mLoad lesson story : 'История'
[35m[INIT]     [35mNone            [34m04/10/2024 15:34:13 [34m[LESSONS]  [0mLoad lesson literature : 'Литература'
[35m[INIT]     [35mNone            [34m04/10/2024 15:34:13 [34m[LESSONS]  [0mLoad lesson OBZR : 'ОБЗР'
[35m[INIT]     [35mNone            [34m04/10/2024 15:34:13 [34m[LESSONS]  [0mLoad lesson social_science : 'Обществознание'
[35m[INIT]     [35mNone            [34m04/10/2024 15:34:13 [34m[LESSONS]  [0mLoad lesson russian_lang : 'Русский язык'
[35m[INIT]     [35mNone            [34m04/10/2024 15:34:13 [34m[LESSONS]  [0mLoad lesson technology : 'Технология'
[35m[INIT]     [35mNone            [34m04/10/2024 15:34:13 [34m[LESSONS]  [0mLoad lesson physics : 'Физика'
[35m[INIT]     [35mNone            [34m04/10/2024 15:34:13 [34m[LESSONS]  [0mLoad lesson chemistry : 'Химия'
[35m[INIT]     [35mNone            [34m04/10/2024 15:34:13 [34m[LESSONS]  [0mLoaded 16 lessons
[35m[INIT]     [35mNone            [34m04/10/2024 15:34:13 [35m[INIT]     [0m__PARAGRAPH__: OK
[35m[INIT]     [35mNone            [34m04/10/2024 15:34:13 [35m[INIT]     [0m__UPDATE_HOMEWORK__: OK
[35m[INIT]     [35mNone            [34m04/10/2024 15:34:13 [35m[INIT]     [0m__UPDATE_HOMEWORK_P__: OK
[35m[INIT]     [35mNone            [34m04/10/2024 15:34:13 [35m[INIT]     [0m__UPDATE_URL__: OK
[35m[INIT]     [35mNone            [34m04/10/2024 15:34:13 [35m[INIT]     [0m__DELETE_SCHEDULE_WARN__: OK
[35m[INIT]     [35mNone            [34m04/10/2024 15:34:13 [35m[INIT]     [0m__DELETE_SCHEDULE__: OK
[35m[INIT]     [35mNone            [34m04/10/2024 15:34:13 [35m[INIT]     [0m__UPDATE_MENU__: OK
[35m[INIT]     [35mNone            [34m04/10/2024 15:34:13 [35m[INIT]     [0m__ADMIN_PANEL__: OK
[35m[INIT]     [35mNone            [34m04/10/2024 15:34:13 [35m[INIT]     [0m__NEWSLETTER_WARN__: OK
[35m[INIT]     [35mNone            [34m04/10/2024 15:34:13 [35m[INIT]     [0m__HOMEWORK__: OK
[35m[INIT]     [35mNone            [34m04/10/2024 15:34:13 [35m[INIT]     [0m__OFF__NOTIFICATIONS__: OK
[35m[INIT]     [35mNone            [34m04/10/2024 15:34:13 [33m[DB]       [0mConnecting to db
[35m[INIT]     [35mNone            [34m04/10/2024 15:34:13 [33m[DB]       [0mCreating tables
[35m[INIT]     [35mNone            [34m04/10/2024 15:34:13 [33m[DB]       [0mStarting sync lessons
[34m[DEBUG]    [35mNone            [34m04/10/2024 15:34:13 [33m[DB]       [0mSaving data to db
[32m[INFO]     [35mNone            [34m04/10/2024 15:34:13 [32m[MAIN]     [0mThe bot is running !
[32m[INFO]     [35m5731571131      [34m04/10/2024 15:34:28 [32m[HANDLER]  [0mReceived '/start'
[32m[INFO]     [35m5731571131      [34m04/10/2024 15:34:28 [33m[DB]       [0mGetting User: '5731571131'
[32m[INFO]     [35m5731571131      [34m04/10/2024 15:34:28 [33m[DB]       [0mGetting NetSchool
[34m[DEBUG]    [35m5731571131      [34m04/10/2024 15:34:28 [34m[UTILS]    [0mAdmin check: fail
[32m[INFO]     [35m5731571131      [34m04/10/2024 15:34:30 [32m[HANDLER]  [0mCall '[lessons]'
[32m[INFO]     [35m5731571131      [34m04/10/2024 15:34:32 [32m[HANDLER]  [0mReceived '[menu]'
[32m[INFO]     [35m5731571131      [34m04/10/2024 15:34:32 [33m[DB]       [0mGetting NetSchool
[34m[DEBUG]    [35m5731571131      [34m04/10/2024 15:34:32 [34m[UTILS]    [0mAdmin check: fail
[32m[INFO]     [35m5731571131      [34m04/10/2024 15:34:33 [32m[HANDLER]  [0mCall '[lessons]'
[32m[INFO]     [35m5731571131      [34m04/10/2024 15:34:35 [32m[HANDLER]  [0mReceived '[lesson:show:algebra]'
[32m[INFO]     [35m5731571131      [34m04/10/2024 15:34:35 [33m[DB]       [0mGetting Lesson: 'algebra'
[34m[DEBUG]    [35m5731571131      [34m04/10/2024 15:34:35 [34m[UTILS]    [0mAdmin check: fail
[32m[INFO]     [35m5731571131      [34m04/10/2024 15:34:38 [32m[HANDLER]  [0mCall '[lessons]'
[32m[INFO]     [35m5731571131      [34m04/10/2024 15:34:40 [32m[HANDLER]  [0mReceived '[lesson:show:algebra]'
[32m[INFO]     [35m5731571131      [34m04/10/2024 15:34:40 [33m[DB]       [0mGetting Lesson: 'algebra'
[34m[DEBUG]    [35m5731571131      [34m04/10/2024 15:34:40 [34m[UTILS]    [0mAdmin check: fail
[32m[INFO]     [35m5731571131      [34m04/10/2024 15:34:41 [32m[HANDLER]  [0mReceived '[menu]'
[32m[INFO]     [35m5731571131      [34m04/10/2024 15:34:41 [33m[DB]       [0mGetting NetSchool
[34m[DEBUG]    [35m5731571131      [34m04/10/2024 15:34:41 [34m[UTILS]    [0mAdmin check: fail
[32m[INFO]     [35m5731571131      [34m04/10/2024 15:34:42 [32m[HANDLER]  [0mCall '[lessons]'
[32m[INFO]     [35m5731571131      [34m04/10/2024 15:34:43 [32m[HANDLER]  [0mReceived '[lesson:show:algebra]'
[32m[INFO]     [35m5731571131      [34m04/10/2024 15:34:43 [33m[DB]       [0mGetting Lesson: 'algebra'
[34m[DEBUG]    [35m5731571131      [34m04/10/2024 15:34:43 [34m[UTILS]    [0mAdmin check: fail
[32m[INFO]     [35m5731571131      [34m04/10/2024 15:34:43 [32m[HANDLER]  [0mReceived '[lesson:nftadmins:algebra]'
[32m[INFO]     [35m5731571131      [34m04/10/2024 15:34:47 [32m[HANDLER]  [0mReceived '[lesson:show:algebra]'
[32m[INFO]     [35m5731571131      [34m04/10/2024 15:34:47 [33m[DB]       [0mGetting Lesson: 'algebra'
[34m[DEBUG]    [35m5731571131      [34m04/10/2024 15:34:47 [34m[UTILS]    [0mAdmin check: fail
[32m[INFO]     [35m5731571131      [34m04/10/2024 15:34:49 [32m[HANDLER]  [0mReceived '[lesson:nftadmins:algebra]'
[32m[INFO]     [35m5731571131      [34m04/10/2024 15:34:49 [32m[HANDLER]  [0mReceived '[menu]'
[32m[INFO]     [35m5731571131      [34m04/10/2024 15:34:49 [33m[DB]       [0mGetting NetSchool
[34m[DEBUG]    [35m5731571131      [34m04/10/2024 15:34:49 [34m[UTILS]    [0mAdmin check: fail
[32m[INFO]     [35m5731571131      [34m04/10/2024 15:34:51 [32m[HANDLER]  [0mCall '[lessons]'
[32m[INFO]     [35m5731571131      [34m04/10/2024 15:34:55 [32m[HANDLER]  [0mReceived '[lesson:show:technology]'
[32m[INFO]     [35m5731571131      [34m04/10/2024 15:34:55 [33m[DB]       [0mGetting Lesson: 'technology'
[34m[DEBUG]    [35m5731571131      [34m04/10/2024 15:34:55 [34m[UTILS]    [0mAdmin check: fail
[32m[INFO]     [35m5731571131      [34m04/10/2024 15:35:01 [32m[HANDLER]  [0mReceived '[lesson:nftadmins:technology]'
[32m[INFO]     [35m5731571131      [34m04/10/2024 15:35:18 [32m[HANDLER]  [0mReceived 'Test #13549249637425454652446543543544654543154'
[32m[INFO]     [35m5731571131      [34m04/10/2024 15:35:18 [33m[DB]       [0mGetting User: '5731571131'
