[FORMAT]   [ID]            [TIME]              [MODULE]   [MESSAGE]
[32m[INFO]     [35m5731571131      [34m10/10/2024 18:51:47 [33m[DB]       [0mGetting User: '5731571131'
[32m[INFO]     [35m5731571131      [34m10/10/2024 18:51:47 [33m[DB]       [0mGetting NetSchool
[32m[INFO]     [35m5731571131      [34m10/10/2024 18:51:48 [34m[SM]       [0mAdding new session
[32m[INFO]     [35m5731571131      [34m10/10/2024 18:51:50 [33m[DB]       [0mGetting User: '5731571131'
[32m[INFO]     [35m5731571131      [34m10/10/2024 18:51:50 [33m[DB]       [0mGetting NetSchool
[32m[INFO]     [35m5731571131      [34m10/10/2024 18:51:50 [34m[SM]       [0mAdding new session
[32m[INFO]     [35m5731571131      [34m10/10/2024 18:51:51 [33m[DB]       [0mGetting User: '5731571131'
[32m[INFO]     [35m5731571131      [34m10/10/2024 18:51:51 [33m[DB]       [0mGetting NetSchool
[32m[INFO]     [35m5731571131      [34m10/10/2024 18:51:51 [34m[SM]       [0mAdding new session
[32m[INFO]     [35m5731571131      [34m10/10/2024 18:51:59 [33m[DB]       [0mGetting User: '5731571131'
[32m[INFO]     [35m5731571131      [34m10/10/2024 18:51:59 [33m[DB]       [0mGetting NetSchool
[32m[INFO]     [35m5731571132      [34m10/10/2024 18:52:13 [33m[DB]       [0mGetting User: '5731571132'
[33m[WARN]     [35m5731571132      [34m10/10/2024 18:52:13 [33m[DB]       [0mUser '5731571132' not found!
[32m[INFO]     [35m5731571131      [34m10/10/2024 18:52:20 [33m[DB]       [0mGetting User: '5731571131'
[32m[INFO]     [35m5731571131      [34m10/10/2024 18:52:20 [33m[DB]       [0mGetting NetSchool
[32m[INFO]     [35m5731571131      [34m10/10/2024 18:52:20 [34m[SM]       [0mAdding new session
[32m[INFO]     [35m5731571131      [34m10/10/2024 18:52:59 [33m[DB]       [0mGetting User: '5731571131'
[32m[INFO]     [35m5731571131      [34m10/10/2024 18:52:59 [33m[DB]       [0mGetting NetSchool
[33m[WARN]     [35m5731571131      [34m10/10/2024 18:52:59 [33m[DB]       [0mNetSchool not found!
