[FORMAT]   [ID]            [TIME]              [MODULE]   [MESSAGE]
[35m[INIT]     [35mNone            [34m06/10/2024 14:13:07 [34m[LESSONS]  [0mLoad lesson algebra : 'Алгебра'
[35m[INIT]     [35mNone            [34m06/10/2024 14:13:07 [34m[LESSONS]  [0mLoad lesson english_lang_1 : 'Англ. Яз. (1 группа)'
[35m[INIT]     [35mNone            [34m06/10/2024 14:13:07 [34m[LESSONS]  [0mLoad lesson english_lang_2 : 'Англ. Яз. (2 группа)'
[35m[INIT]     [35mNone            [34m06/10/2024 14:13:07 [34m[LESSONS]  [0mLoad lesson biology : 'Биология'
[35m[INIT]     [35mNone            [34m06/10/2024 14:13:07 [34m[LESSONS]  [0mLoad lesson geography : 'География'
[35m[INIT]     [35mNone            [34m06/10/2024 14:13:07 [34m[LESSONS]  [0mLoad lesson geometry : 'Геометрия'
[35m[INIT]     [35mNone            [34m06/10/2024 14:13:07 [34m[LESSONS]  [0mLoad lesson computer_science_1 : 'Информатика (1 группа)'
[35m[INIT]     [35mNone            [34m06/10/2024 14:13:07 [34m[LESSONS]  [0mLoad lesson computer_science_2 : 'Информатика (2 группа)'
[35m[INIT]     [35mNone            [34m06/10/2024 14:13:07 [34m[LESSONS]  [0mLoad lesson story : 'История'
[35m[INIT]     [35mNone            [34m06/10/2024 14:13:07 [34m[LESSONS]  [0mLoad lesson literature : 'Литература'
[35m[INIT]     [35mNone            [34m06/10/2024 14:13:07 [34m[LESSONS]  [0mLoad lesson OBZR : 'ОБЗР'
[35m[INIT]     [35mNone            [34m06/10/2024 14:13:07 [34m[LESSONS]  [0mLoad lesson social_science : 'Обществознание'
[35m[INIT]     [35mNone            [34m06/10/2024 14:13:07 [34m[LESSONS]  [0mLoad lesson russian_lang : 'Русский язык'
[35m[INIT]     [35mNone            [34m06/10/2024 14:13:07 [34m[LESSONS]  [0mLoad lesson technology : 'Технология'
[35m[INIT]     [35mNone            [34m06/10/2024 14:13:07 [34m[LESSONS]  [0mLoad lesson physics : 'Физика'
[35m[INIT]     [35mNone            [34m06/10/2024 14:13:07 [34m[LESSONS]  [0mLoad lesson chemistry : 'Химия'
[35m[INIT]     [35mNone            [34m06/10/2024 14:13:07 [34m[LESSONS]  [0mLoaded 16 lessons
[35m[INIT]     [35mNone            [34m06/10/2024 14:13:07 [35m[INIT]     [0m__PARAGRAPH__: OK
[35m[INIT]     [35mNone            [34m06/10/2024 14:13:07 [35m[INIT]     [0m__UPDATE_HOMEWORK__: OK
[35m[INIT]     [35mNone            [34m06/10/2024 14:13:07 [35m[INIT]     [0m__UPDATE_HOMEWORK_P__: OK
[35m[INIT]     [35mNone            [34m06/10/2024 14:13:07 [35m[INIT]     [0m__UPDATE_URL__: OK
[35m[INIT]     [35mNone            [34m06/10/2024 14:13:07 [35m[INIT]     [0m__DELETE_SCHEDULE_WARN__: OK
[35m[INIT]     [35mNone            [34m06/10/2024 14:13:07 [35m[INIT]     [0m__DELETE_SCHEDULE__: OK
[35m[INIT]     [35mNone            [34m06/10/2024 14:13:07 [35m[INIT]     [0m__UPDATE_MENU__: OK
[35m[INIT]     [35mNone            [34m06/10/2024 14:13:07 [35m[INIT]     [0m__ADMIN_PANEL__: OK
[35m[INIT]     [35mNone            [34m06/10/2024 14:13:07 [35m[INIT]     [0m__NEWSLETTER_WARN__: OK
[35m[INIT]     [35mNone            [34m06/10/2024 14:13:07 [35m[INIT]     [0m__HOMEWORK__: OK
[35m[INIT]     [35mNone            [34m06/10/2024 14:13:07 [35m[INIT]     [0m__OFF__NOTIFICATIONS__: OK
[35m[INIT]     [35mNone            [34m06/10/2024 14:13:07 [33m[DB]       [0mConnecting to db
[35m[INIT]     [35mNone            [34m06/10/2024 14:13:07 [33m[DB]       [0mCreating tables
[35m[INIT]     [35mNone            [34m06/10/2024 14:13:07 [33m[DB]       [0mStarting sync lessons
[34m[DEBUG]    [35mNone            [34m06/10/2024 14:13:07 [33m[DB]       [0mSaving data to db
[32m[INFO]     [35mNone            [34m06/10/2024 14:13:07 [32m[MAIN]     [0mThe bot is running !
[32m[INFO]     [35m5731571131      [34m06/10/2024 14:13:19 [32m[HANDLER]  [0mReceived '[admin_panel:status_server]'
[34m[DEBUG]    [35m5731571131      [34m06/10/2024 14:13:19 [34m[UTILS]    [0mAdmin check: success
[32m[INFO]     [35m5731571131      [34m06/10/2024 14:13:19 [32m[HANDLER]  [0mАdmin requested a server status report, generation . . .
[32m[INFO]     [35m5731571131      [34m06/10/2024 14:13:19 [32m[HANDLER]  [0mGenerating information about: SystemName
[32m[INFO]     [35m5731571131      [34m06/10/2024 14:13:19 [32m[HANDLER]  [0mGenerating information about: SystemRelease
[32m[INFO]     [35m5731571131      [34m06/10/2024 14:13:19 [32m[HANDLER]  [0mGenerating information about: PythonVersion
[32m[INFO]     [35m5731571131      [34m06/10/2024 14:13:19 [32m[HANDLER]  [0mGenerating information about: SQLite3Version
[32m[INFO]     [35m5731571131      [34m06/10/2024 14:13:19 [32m[HANDLER]  [0mGenerating information about: CPU
[32m[INFO]     [35m5731571131      [34m06/10/2024 14:13:20 [32m[HANDLER]  [0mGenerating information about: Memory, Memory_Swap
[32m[INFO]     [35m5731571131      [34m06/10/2024 14:13:20 [32m[HANDLER]  [0mGenerating information about: Disks
[32m[INFO]     [35m5731571131      [34m06/10/2024 14:13:20 [32m[HANDLER]  [0mGenerating information about: Network
[32m[INFO]     [35m5731571131      [34m06/10/2024 14:13:20 [32m[HANDLER]  [0mGenerating a report based on the data received . . .
[32m[INFO]     [35m5731571131      [34m06/10/2024 14:13:20 [32m[HANDLER]  [0mSuccessfully !
[32m[INFO]     [35m5731571131      [34m06/10/2024 14:13:21 [32m[HANDLER]  [0mReport Sent !
