[FORMAT]   [ID]            [TIME]              [MODULE]   [MESSAGE]
[35m[INIT]     [35mNone            [34m02/10/2024 16:15:43 [34m[LESSONS]  [0mLoad lesson algebra : 'Алгебра'
[35m[INIT]     [35mNone            [34m02/10/2024 16:15:43 [34m[LESSONS]  [0mLoad lesson english_lang_1 : 'Англ. Яз. (1 группа)'
[35m[INIT]     [35mNone            [34m02/10/2024 16:15:43 [34m[LESSONS]  [0mLoad lesson english_lang_2 : 'Англ. Яз. (2 группа)'
[35m[INIT]     [35mNone            [34m02/10/2024 16:15:43 [34m[LESSONS]  [0mLoad lesson biology : 'Биология'
[35m[INIT]     [35mNone            [34m02/10/2024 16:15:43 [34m[LESSONS]  [0mLoad lesson geography : 'География'
[35m[INIT]     [35mNone            [34m02/10/2024 16:15:43 [34m[LESSONS]  [0mLoad lesson geometry : 'Геометрия'
[35m[INIT]     [35mNone            [34m02/10/2024 16:15:43 [34m[LESSONS]  [0mLoad lesson computer_science_1 : 'Информатика (1 группа)'
[35m[INIT]     [35mNone            [34m02/10/2024 16:15:43 [34m[LESSONS]  [0mLoad lesson computer_science_2 : 'Информатика (2 группа)'
[35m[INIT]     [35mNone            [34m02/10/2024 16:15:43 [34m[LESSONS]  [0mLoad lesson story : 'История'
[35m[INIT]     [35mNone            [34m02/10/2024 16:15:43 [34m[LESSONS]  [0mLoad lesson literature : 'Литература'
[35m[INIT]     [35mNone            [34m02/10/2024 16:15:43 [34m[LESSONS]  [0mLoad lesson OBZR : 'ОБЗР'
[35m[INIT]     [35mNone            [34m02/10/2024 16:15:43 [34m[LESSONS]  [0mLoad lesson social_science : 'Обществознание'
[35m[INIT]     [35mNone            [34m02/10/2024 16:15:43 [34m[LESSONS]  [0mLoad lesson russian_lang : 'Русский язык'
[35m[INIT]     [35mNone            [34m02/10/2024 16:15:43 [34m[LESSONS]  [0mLoad lesson technology : 'Технология'
[35m[INIT]     [35mNone            [34m02/10/2024 16:15:43 [34m[LESSONS]  [0mLoad lesson physics : 'Физика'
[35m[INIT]     [35mNone            [34m02/10/2024 16:15:43 [34m[LESSONS]  [0mLoad lesson chemistry : 'Химия'
[35m[INIT]     [35mNone            [34m02/10/2024 16:15:43 [34m[LESSONS]  [0mLoaded 16 lessons
[35m[INIT]     [35mNone            [34m02/10/2024 16:15:43 [33m[DB]       [0mConnecting to db
[35m[INIT]     [35mNone            [34m02/10/2024 16:15:43 [33m[DB]       [0mCreating tables
[35m[INIT]     [35mNone            [34m02/10/2024 16:15:43 [33m[DB]       [0mStarting sync lessons
[35m[INIT]     [35mNone            [34m02/10/2024 16:15:43 [33m[DB]       [0mSubject 'algebra' not found in the Lessons table
[35m[INIT]     [35mNone            [34m02/10/2024 16:15:43 [33m[DB]       [0mSubject 'algebra' added in the Lessons table
[35m[INIT]     [35mNone            [34m02/10/2024 16:15:43 [33m[DB]       [0mSubject 'english_lang_1' not found in the Lessons table
[35m[INIT]     [35mNone            [34m02/10/2024 16:15:43 [33m[DB]       [0mSubject 'english_lang_1' added in the Lessons table
[35m[INIT]     [35mNone            [34m02/10/2024 16:15:43 [33m[DB]       [0mSubject 'english_lang_2' not found in the Lessons table
[35m[INIT]     [35mNone            [34m02/10/2024 16:15:43 [33m[DB]       [0mSubject 'english_lang_2' added in the Lessons table
[35m[INIT]     [35mNone            [34m02/10/2024 16:15:43 [33m[DB]       [0mSubject 'biology' not found in the Lessons table
[35m[INIT]     [35mNone            [34m02/10/2024 16:15:43 [33m[DB]       [0mSubject 'biology' added in the Lessons table
[35m[INIT]     [35mNone            [34m02/10/2024 16:15:43 [33m[DB]       [0mSubject 'geography' not found in the Lessons table
[35m[INIT]     [35mNone            [34m02/10/2024 16:15:43 [33m[DB]       [0mSubject 'geography' added in the Lessons table
[35m[INIT]     [35mNone            [34m02/10/2024 16:15:43 [33m[DB]       [0mSubject 'geometry' not found in the Lessons table
[35m[INIT]     [35mNone            [34m02/10/2024 16:15:43 [33m[DB]       [0mSubject 'geometry' added in the Lessons table
[35m[INIT]     [35mNone            [34m02/10/2024 16:15:43 [33m[DB]       [0mSubject 'computer_science_1' not found in the Lessons table
[35m[INIT]     [35mNone            [34m02/10/2024 16:15:43 [33m[DB]       [0mSubject 'computer_science_1' added in the Lessons table
[35m[INIT]     [35mNone            [34m02/10/2024 16:15:43 [33m[DB]       [0mSubject 'computer_science_2' not found in the Lessons table
[35m[INIT]     [35mNone            [34m02/10/2024 16:15:43 [33m[DB]       [0mSubject 'computer_science_2' added in the Lessons table
[35m[INIT]     [35mNone            [34m02/10/2024 16:15:43 [33m[DB]       [0mSubject 'story' not found in the Lessons table
[35m[INIT]     [35mNone            [34m02/10/2024 16:15:43 [33m[DB]       [0mSubject 'story' added in the Lessons table
[35m[INIT]     [35mNone            [34m02/10/2024 16:15:43 [33m[DB]       [0mSubject 'literature' not found in the Lessons table
[35m[INIT]     [35mNone            [34m02/10/2024 16:15:43 [33m[DB]       [0mSubject 'literature' added in the Lessons table
[35m[INIT]     [35mNone            [34m02/10/2024 16:15:43 [33m[DB]       [0mSubject 'OBZR' not found in the Lessons table
[35m[INIT]     [35mNone            [34m02/10/2024 16:15:43 [33m[DB]       [0mSubject 'OBZR' added in the Lessons table
[35m[INIT]     [35mNone            [34m02/10/2024 16:15:43 [33m[DB]       [0mSubject 'social_science' not found in the Lessons table
[35m[INIT]     [35mNone            [34m02/10/2024 16:15:43 [33m[DB]       [0mSubject 'social_science' added in the Lessons table
[35m[INIT]     [35mNone            [34m02/10/2024 16:15:43 [33m[DB]       [0mSubject 'russian_lang' not found in the Lessons table
[35m[INIT]     [35mNone            [34m02/10/2024 16:15:43 [33m[DB]       [0mSubject 'russian_lang' added in the Lessons table
[35m[INIT]     [35mNone            [34m02/10/2024 16:15:43 [33m[DB]       [0mSubject 'technology' not found in the Lessons table
[35m[INIT]     [35mNone            [34m02/10/2024 16:15:43 [33m[DB]       [0mSubject 'technology' added in the Lessons table
[35m[INIT]     [35mNone            [34m02/10/2024 16:15:43 [33m[DB]       [0mSubject 'physics' not found in the Lessons table
[35m[INIT]     [35mNone            [34m02/10/2024 16:15:43 [33m[DB]       [0mSubject 'physics' added in the Lessons table
[35m[INIT]     [35mNone            [34m02/10/2024 16:15:43 [33m[DB]       [0mSubject 'chemistry' not found in the Lessons table
[35m[INIT]     [35mNone            [34m02/10/2024 16:15:43 [33m[DB]       [0mSubject 'chemistry' added in the Lessons table
