[FORMAT]   [ID]            [TIME]              [MODULE]   [MESSAGE]
[35m[INIT]     [35mNone            [34m06/10/2024 19:33:37 [34m[LESSONS]  [0mLoad lesson algebra : 'Алгебра'
[35m[INIT]     [35mNone            [34m06/10/2024 19:33:37 [34m[LESSONS]  [0mLoad lesson english_lang_1 : 'Англ. Яз. (1 группа)'
[35m[INIT]     [35mNone            [34m06/10/2024 19:33:37 [34m[LESSONS]  [0mLoad lesson english_lang_2 : 'Англ. Яз. (2 группа)'
[35m[INIT]     [35mNone            [34m06/10/2024 19:33:37 [34m[LESSONS]  [0mLoad lesson biology : 'Биология'
[35m[INIT]     [35mNone            [34m06/10/2024 19:33:37 [34m[LESSONS]  [0mLoad lesson geography : 'География'
[35m[INIT]     [35mNone            [34m06/10/2024 19:33:37 [34m[LESSONS]  [0mLoad lesson geometry : 'Геометрия'
[35m[INIT]     [35mNone            [34m06/10/2024 19:33:37 [34m[LESSONS]  [0mLoad lesson computer_science_1 : 'Информатика (1 группа)'
[35m[INIT]     [35mNone            [34m06/10/2024 19:33:37 [34m[LESSONS]  [0mLoad lesson computer_science_2 : 'Информатика (2 группа)'
[35m[INIT]     [35mNone            [34m06/10/2024 19:33:37 [34m[LESSONS]  [0mLoad lesson story : 'История'
[35m[INIT]     [35mNone            [34m06/10/2024 19:33:37 [34m[LESSONS]  [0mLoad lesson literature : 'Литература'
[35m[INIT]     [35mNone            [34m06/10/2024 19:33:37 [34m[LESSONS]  [0mLoad lesson OBZR : 'ОБЗР'
[35m[INIT]     [35mNone            [34m06/10/2024 19:33:37 [34m[LESSONS]  [0mLoad lesson social_science : 'Обществознание'
[35m[INIT]     [35mNone            [34m06/10/2024 19:33:37 [34m[LESSONS]  [0mLoad lesson russian_lang : 'Русский язык'
[35m[INIT]     [35mNone            [34m06/10/2024 19:33:37 [34m[LESSONS]  [0mLoad lesson technology : 'Технология'
[35m[INIT]     [35mNone            [34m06/10/2024 19:33:37 [34m[LESSONS]  [0mLoad lesson physics : 'Физика'
[35m[INIT]     [35mNone            [34m06/10/2024 19:33:37 [34m[LESSONS]  [0mLoad lesson chemistry : 'Химия'
[35m[INIT]     [35mNone            [34m06/10/2024 19:33:37 [34m[LESSONS]  [0mLoaded 16 lessons
[35m[INIT]     [35mNone            [34m06/10/2024 19:33:37 [35m[INIT]     [0m__PARAGRAPH__: OK
[35m[INIT]     [35mNone            [34m06/10/2024 19:33:37 [35m[INIT]     [0m__UPDATE_HOMEWORK__: OK
[35m[INIT]     [35mNone            [34m06/10/2024 19:33:37 [35m[INIT]     [0m__UPDATE_HOMEWORK_P__: OK
[35m[INIT]     [35mNone            [34m06/10/2024 19:33:37 [35m[INIT]     [0m__UPDATE_URL__: OK
[35m[INIT]     [35mNone            [34m06/10/2024 19:33:37 [35m[INIT]     [0m__DELETE_SCHEDULE_WARN__: OK
[35m[INIT]     [35mNone            [34m06/10/2024 19:33:37 [35m[INIT]     [0m__DELETE_SCHEDULE__: OK
[35m[INIT]     [35mNone            [34m06/10/2024 19:33:37 [35m[INIT]     [0m__UPDATE_MENU__: OK
[35m[INIT]     [35mNone            [34m06/10/2024 19:33:37 [35m[INIT]     [0m__ADMIN_PANEL__: OK
[35m[INIT]     [35mNone            [34m06/10/2024 19:33:37 [35m[INIT]     [0m__NEWSLETTER_WARN__: OK
[35m[INIT]     [35mNone            [34m06/10/2024 19:33:37 [35m[INIT]     [0m__HOMEWORK__: OK
[35m[INIT]     [35mNone            [34m06/10/2024 19:33:37 [35m[INIT]     [0m__OFF__NOTIFICATIONS__: OK
[35m[INIT]     [35mNone            [34m06/10/2024 19:33:37 [33m[DB]       [0mConnecting to db
[35m[INIT]     [35mNone            [34m06/10/2024 19:33:37 [33m[DB]       [0mCreating tables
[35m[INIT]     [35mNone            [34m06/10/2024 19:33:37 [33m[DB]       [0mStarting sync lessons
[34m[DEBUG]    [35mNone            [34m06/10/2024 19:33:37 [33m[DB]       [0mSaving data to db
[32m[INFO]     [35mNone            [34m06/10/2024 19:33:37 [32m[MAIN]     [0mThe bot is running !
[32m[INFO]     [35m5731571131      [34m06/10/2024 19:33:38 [32m[HANDLER]  [0mReceived '[lesson:delete_warn:physics]'
[34m[DEBUG]    [35m5731571131      [34m06/10/2024 19:33:38 [34m[UTILS]    [0mAdmin check: success
[32m[INFO]     [35m5731571131      [34m06/10/2024 19:33:38 [33m[DB]       [0mGetting Lesson: 'physics'
[33m[WARN]     [35m5731571131      [34m06/10/2024 19:33:40 [32m[HANDLER]  [0mReceived '[lesson:delete:physics]'
[34m[DEBUG]    [35m5731571131      [34m06/10/2024 19:33:40 [34m[UTILS]    [0mAdmin check: success
[32m[INFO]     [35m5731571131      [34m06/10/2024 19:33:40 [33m[DB]       [0mSetting Lesson: 'physics' / homework: 'None' / photo: 'False' / url: 'None'
[34m[DEBUG]    [35m5731571131      [34m06/10/2024 19:33:40 [33m[DB]       [0mSaving data to db
[32m[INFO]     [35m5731571131      [34m06/10/2024 19:33:48 [32m[HANDLER]  [0mReceived '[lesson:show:physics]'
[32m[INFO]     [35m5731571131      [34m06/10/2024 19:33:48 [33m[DB]       [0mGetting Lesson: 'physics'
[34m[DEBUG]    [35m5731571131      [34m06/10/2024 19:33:48 [34m[UTILS]    [0mAdmin check: success
[32m[INFO]     [35m5731571131      [34m06/10/2024 19:33:49 [32m[HANDLER]  [0mReceived '[menu]'
[32m[INFO]     [35m5731571131      [34m06/10/2024 19:33:49 [33m[DB]       [0mGetting User: '5731571131'
[32m[INFO]     [35m5731571131      [34m06/10/2024 19:33:49 [33m[DB]       [0mGetting NetSchool
[34m[DEBUG]    [35m5731571131      [34m06/10/2024 19:33:49 [34m[UTILS]    [0mAdmin check: success
[32m[INFO]     [35m5731571131      [34m06/10/2024 19:33:50 [33m[DB]       [0mUpdating User
[34m[DEBUG]    [35m5731571131      [34m06/10/2024 19:33:50 [33m[DB]       [0mSaving data to db
[34m[DEBUG]    [35m5731571131      [34m06/10/2024 19:33:54 [34m[UTILS]    [0mAdmin check: success
[32m[INFO]     [35m5731571131      [34m06/10/2024 19:33:56 [32m[HANDLER]  [0mReceived '[👇 Выберете предмет по которому хотите заменить Д/З]'
[34m[DEBUG]    [35m5731571131      [34m06/10/2024 19:33:56 [34m[UTILS]    [0mAdmin check: success
[32m[INFO]     [35m5731571131      [34m06/10/2024 19:33:56 [34m[UTILS]    [0mRename photo.png -> photo/OBZR.png
[32m[INFO]     [35m5731571131      [34m06/10/2024 19:33:56 [34m[UTILS]    [0mSuccessfully !
[32m[INFO]     [35m5731571131      [34m06/10/2024 19:33:56 [33m[DB]       [0mSetting Lesson: 'OBZR' / homework: 'qw' / photo: 'True' / url: 'None'
[34m[DEBUG]    [35m5731571131      [34m06/10/2024 19:33:57 [33m[DB]       [0mSaving data to db
[33m[WARN]     [35m5731571131      [34m06/10/2024 19:33:57 [34m[UTILS]    [0mStart of the mailing
[32m[INFO]     [35m5731571131      [34m06/10/2024 19:33:57 [33m[DB]       [0mGetting Users . . .
[32m[INFO]     [35m5731571131      [34m06/10/2024 19:33:57 [34m[UTILS]    [0mSent: 5731571131
[32m[INFO]     [35m5731571131      [34m06/10/2024 19:33:57 [34m[UTILS]    [0mMailing is over
[32m[INFO]     [35m5731571131      [34m06/10/2024 19:33:58 [32m[HANDLER]  [0mReceived '[menu]'
[32m[INFO]     [35m5731571131      [34m06/10/2024 19:33:58 [33m[DB]       [0mGetting NetSchool
[34m[DEBUG]    [35m5731571131      [34m06/10/2024 19:33:58 [34m[UTILS]    [0mAdmin check: success
[32m[INFO]     [35m5731571131      [34m06/10/2024 19:33:58 [33m[DB]       [0mUpdating User
[34m[DEBUG]    [35m5731571131      [34m06/10/2024 19:33:58 [33m[DB]       [0mSaving data to db
[32m[INFO]     [35m5731571131      [34m06/10/2024 19:33:59 [32m[HANDLER]  [0mReceived '[lessons]'
[32m[INFO]     [35m5731571131      [34m06/10/2024 19:33:59 [32m[HANDLER]  [0mReceived '[lesson:show:OBZR]'
[32m[INFO]     [35m5731571131      [34m06/10/2024 19:33:59 [33m[DB]       [0mGetting Lesson: 'OBZR'
[34m[DEBUG]    [35m5731571131      [34m06/10/2024 19:33:59 [34m[UTILS]    [0mAdmin check: success
[32m[INFO]     [35m5731571131      [34m06/10/2024 19:34:14 [32m[HANDLER]  [0mReceived '[https://google.com/]'
[34m[DEBUG]    [35m5731571131      [34m06/10/2024 19:34:14 [34m[UTILS]    [0mAdmin check: success
[32m[INFO]     [35m5731571131      [34m06/10/2024 19:34:15 [32m[HANDLER]  [0mReceived '[Где нужно поставить этот текст ?]'
[34m[DEBUG]    [35m5731571131      [34m06/10/2024 19:34:15 [34m[UTILS]    [0mAdmin check: success
[32m[INFO]     [35m5731571131      [34m06/10/2024 19:34:17 [32m[HANDLER]  [0mReceived '[👇 Выберете предмет по которому хотите заменить ГДЗ]'
[34m[DEBUG]    [35m5731571131      [34m06/10/2024 19:34:17 [34m[UTILS]    [0mAdmin check: success
[32m[INFO]     [35m5731571131      [34m06/10/2024 19:34:39 [32m[HANDLER]  [0mReceived '[https://google.com/]'
[34m[DEBUG]    [35m5731571131      [34m06/10/2024 19:34:39 [34m[UTILS]    [0mAdmin check: success
