[FORMAT]   [ID]            [TIME]              [MODULE]   [MESSAGE]
[35m[INIT]     [35mNone            [34m07/10/2024 19:21:40 [34m[LESSONS]  [0mLoad lesson algebra : 'Алгебра'
[35m[INIT]     [35mNone            [34m07/10/2024 19:21:40 [34m[LESSONS]  [0mLoad lesson english_lang_1 : 'Англ. Яз. (1 группа)'
[35m[INIT]     [35mNone            [34m07/10/2024 19:21:40 [34m[LESSONS]  [0mLoad lesson english_lang_2 : 'Англ. Яз. (2 группа)'
[35m[INIT]     [35mNone            [34m07/10/2024 19:21:40 [34m[LESSONS]  [0mLoad lesson biology : 'Биология'
[35m[INIT]     [35mNone            [34m07/10/2024 19:21:40 [34m[LESSONS]  [0mLoad lesson geography : 'География'
[35m[INIT]     [35mNone            [34m07/10/2024 19:21:40 [34m[LESSONS]  [0mLoad lesson geometry : 'Геометрия'
[35m[INIT]     [35mNone            [34m07/10/2024 19:21:40 [34m[LESSONS]  [0mLoad lesson computer_science_1 : 'Информатика (1 группа)'
[35m[INIT]     [35mNone            [34m07/10/2024 19:21:40 [34m[LESSONS]  [0mLoad lesson computer_science_2 : 'Информатика (2 группа)'
[35m[INIT]     [35mNone            [34m07/10/2024 19:21:40 [34m[LESSONS]  [0mLoad lesson story : 'История'
[35m[INIT]     [35mNone            [34m07/10/2024 19:21:40 [34m[LESSONS]  [0mLoad lesson literature : 'Литература'
[35m[INIT]     [35mNone            [34m07/10/2024 19:21:40 [34m[LESSONS]  [0mLoad lesson OBZR : 'ОБЗР'
[35m[INIT]     [35mNone            [34m07/10/2024 19:21:40 [34m[LESSONS]  [0mLoad lesson social_science : 'Обществознание'
[35m[INIT]     [35mNone            [34m07/10/2024 19:21:40 [34m[LESSONS]  [0mLoad lesson russian_lang : 'Русский язык'
[35m[INIT]     [35mNone            [34m07/10/2024 19:21:40 [34m[LESSONS]  [0mLoad lesson technology : 'Технология'
[35m[INIT]     [35mNone            [34m07/10/2024 19:21:40 [34m[LESSONS]  [0mLoad lesson physics : 'Физика'
[35m[INIT]     [35mNone            [34m07/10/2024 19:21:40 [34m[LESSONS]  [0mLoad lesson chemistry : 'Химия'
[35m[INIT]     [35mNone            [34m07/10/2024 19:21:40 [34m[LESSONS]  [0mLoaded 16 lessons
[35m[INIT]     [35mNone            [34m07/10/2024 19:21:40 [35m[INIT]     [0m__PARAGRAPH__: OK
[35m[INIT]     [35mNone            [34m07/10/2024 19:21:40 [35m[INIT]     [0m__UPDATE_HOMEWORK__: OK
[35m[INIT]     [35mNone            [34m07/10/2024 19:21:40 [35m[INIT]     [0m__UPDATE_HOMEWORK_P__: OK
[35m[INIT]     [35mNone            [34m07/10/2024 19:21:40 [35m[INIT]     [0m__UPDATE_URL__: OK
[35m[INIT]     [35mNone            [34m07/10/2024 19:21:40 [35m[INIT]     [0m__DELETE_SCHEDULE_WARN__: OK
[35m[INIT]     [35mNone            [34m07/10/2024 19:21:40 [35m[INIT]     [0m__DELETE_SCHEDULE__: OK
[35m[INIT]     [35mNone            [34m07/10/2024 19:21:40 [35m[INIT]     [0m__UPDATE_MENU__: OK
[35m[INIT]     [35mNone            [34m07/10/2024 19:21:40 [35m[INIT]     [0m__ADMIN_PANEL__: OK
[35m[INIT]     [35mNone            [34m07/10/2024 19:21:40 [35m[INIT]     [0m__NEWSLETTER_WARN__: OK
[35m[INIT]     [35mNone            [34m07/10/2024 19:21:40 [35m[INIT]     [0m__HOMEWORK__: OK
[35m[INIT]     [35mNone            [34m07/10/2024 19:21:40 [35m[INIT]     [0m__OFF__NOTIFICATIONS__: OK
