[FORMAT]   [ID]            [TIME]              [MODULE]   [MESSAGE]
[35m[INIT]     [35mNone            [34m05/10/2024 19:43:59 [34m[LESSONS]  [0mLoad lesson algebra : 'Алгебра'
[35m[INIT]     [35mNone            [34m05/10/2024 19:43:59 [34m[LESSONS]  [0mLoad lesson english_lang_1 : 'Англ. Яз. (1 группа)'
[35m[INIT]     [35mNone            [34m05/10/2024 19:43:59 [34m[LESSONS]  [0mLoad lesson english_lang_2 : 'Англ. Яз. (2 группа)'
[35m[INIT]     [35mNone            [34m05/10/2024 19:43:59 [34m[LESSONS]  [0mLoad lesson biology : 'Биология'
[35m[INIT]     [35mNone            [34m05/10/2024 19:43:59 [34m[LESSONS]  [0mLoad lesson geography : 'География'
[35m[INIT]     [35mNone            [34m05/10/2024 19:43:59 [34m[LESSONS]  [0mLoad lesson geometry : 'Геометрия'
[35m[INIT]     [35mNone            [34m05/10/2024 19:43:59 [34m[LESSONS]  [0mLoad lesson computer_science_1 : 'Информатика (1 группа)'
[35m[INIT]     [35mNone            [34m05/10/2024 19:43:59 [34m[LESSONS]  [0mLoad lesson computer_science_2 : 'Информатика (2 группа)'
[35m[INIT]     [35mNone            [34m05/10/2024 19:43:59 [34m[LESSONS]  [0mLoad lesson story : 'История'
[35m[INIT]     [35mNone            [34m05/10/2024 19:43:59 [34m[LESSONS]  [0mLoad lesson literature : 'Литература'
[35m[INIT]     [35mNone            [34m05/10/2024 19:43:59 [34m[LESSONS]  [0mLoad lesson OBZR : 'ОБЗР'
[35m[INIT]     [35mNone            [34m05/10/2024 19:43:59 [34m[LESSONS]  [0mLoad lesson social_science : 'Обществознание'
[35m[INIT]     [35mNone            [34m05/10/2024 19:43:59 [34m[LESSONS]  [0mLoad lesson russian_lang : 'Русский язык'
[35m[INIT]     [35mNone            [34m05/10/2024 19:43:59 [34m[LESSONS]  [0mLoad lesson technology : 'Технология'
[35m[INIT]     [35mNone            [34m05/10/2024 19:43:59 [34m[LESSONS]  [0mLoad lesson physics : 'Физика'
[35m[INIT]     [35mNone            [34m05/10/2024 19:43:59 [34m[LESSONS]  [0mLoad lesson chemistry : 'Химия'
[35m[INIT]     [35mNone            [34m05/10/2024 19:43:59 [34m[LESSONS]  [0mLoaded 16 lessons
[35m[INIT]     [35mNone            [34m05/10/2024 19:43:59 [35m[INIT]     [0m__PARAGRAPH__: OK
[35m[INIT]     [35mNone            [34m05/10/2024 19:43:59 [35m[INIT]     [0m__UPDATE_HOMEWORK__: OK
[35m[INIT]     [35mNone            [34m05/10/2024 19:43:59 [35m[INIT]     [0m__UPDATE_HOMEWORK_P__: OK
[35m[INIT]     [35mNone            [34m05/10/2024 19:43:59 [35m[INIT]     [0m__UPDATE_URL__: OK
[35m[INIT]     [35mNone            [34m05/10/2024 19:43:59 [35m[INIT]     [0m__DELETE_SCHEDULE_WARN__: OK
[35m[INIT]     [35mNone            [34m05/10/2024 19:43:59 [35m[INIT]     [0m__DELETE_SCHEDULE__: OK
[35m[INIT]     [35mNone            [34m05/10/2024 19:43:59 [35m[INIT]     [0m__UPDATE_MENU__: OK
[35m[INIT]     [35mNone            [34m05/10/2024 19:43:59 [35m[INIT]     [0m__ADMIN_PANEL__: OK
[35m[INIT]     [35mNone            [34m05/10/2024 19:43:59 [35m[INIT]     [0m__NEWSLETTER_WARN__: OK
[35m[INIT]     [35mNone            [34m05/10/2024 19:43:59 [35m[INIT]     [0m__HOMEWORK__: OK
[35m[INIT]     [35mNone            [34m05/10/2024 19:43:59 [35m[INIT]     [0m__OFF__NOTIFICATIONS__: OK
[35m[INIT]     [35mNone            [34m05/10/2024 19:43:59 [33m[DB]       [0mConnecting to db
[35m[INIT]     [35mNone            [34m05/10/2024 19:43:59 [33m[DB]       [0mCreating tables
[35m[INIT]     [35mNone            [34m05/10/2024 19:43:59 [33m[DB]       [0mStarting sync lessons
[34m[DEBUG]    [35mNone            [34m05/10/2024 19:43:59 [33m[DB]       [0mSaving data to db
[32m[INFO]     [35mNone            [34m05/10/2024 19:43:59 [32m[MAIN]     [0mThe bot is running !
[32m[INFO]     [35m5731571131      [34m05/10/2024 19:44:16 [32m[HANDLER]  [0mReceived '[menu]'
[32m[INFO]     [35m5731571131      [34m05/10/2024 19:44:16 [33m[DB]       [0mGetting User: '5731571131'
[32m[INFO]     [35m5731571131      [34m05/10/2024 19:44:16 [33m[DB]       [0mGetting NetSchool
[34m[DEBUG]    [35m5731571131      [34m05/10/2024 19:44:16 [34m[UTILS]    [0mAdmin check: fail
[32m[INFO]     [35m5731571131      [34m05/10/2024 19:44:17 [32m[HANDLER]  [0mReceived '/start'
[32m[INFO]     [35m5731571131      [34m05/10/2024 19:44:17 [33m[DB]       [0mGetting NetSchool
[34m[DEBUG]    [35m5731571131      [34m05/10/2024 19:44:17 [34m[UTILS]    [0mAdmin check: fail
[32m[INFO]     [35m5731571131      [34m05/10/2024 19:44:18 [32m[HANDLER]  [0mCall '[lessons]'
[32m[INFO]     [35m5731571131      [34m05/10/2024 19:44:19 [32m[HANDLER]  [0mReceived '[menu]'
[32m[INFO]     [35m5731571131      [34m05/10/2024 19:44:19 [33m[DB]       [0mGetting NetSchool
[34m[DEBUG]    [35m5731571131      [34m05/10/2024 19:44:19 [34m[UTILS]    [0mAdmin check: fail
[32m[INFO]     [35m5731571131      [34m05/10/2024 19:44:19 [32m[HANDLER]  [0mCall '[schedule]'
[34m[DEBUG]    [35m5731571131      [34m05/10/2024 19:44:20 [34m[UTILS]    [0mAdmin check: fail
[32m[INFO]     [35m5731571131      [34m05/10/2024 19:44:21 [32m[HANDLER]  [0mReceived '[schedule:nftadmins]'
[34m[DEBUG]    [35m5731571131      [34m05/10/2024 19:44:21 [34m[UTILS]    [0mAdmin check: fail
[32m[INFO]     [35m5731571131      [34m05/10/2024 19:44:21 [33m[DB]       [0mGetting User: '5731571131'
[32m[INFO]     [35mNone            [34m05/10/2024 19:44:21 [34m[UTILS]    [0mSending notifications to admins
[33m[WARN]     [35m5287168197      [34m05/10/2024 19:44:21 [34m[UTILS]    [0mAdmin 5287168197 blocked or didn't start the bot!
[32m[INFO]     [35mNone            [34m05/10/2024 19:44:22 [34m[UTILS]    [0mSend 1670389988
