[FORMAT]   [ID]            [TIME]              [MODULE]   [MESSAGE]
[32m[INFO]     [35mNone            [34m29/09/2024 15:01:22 [33m[DB]       [0mConnecting to db . . .
[32m[INFO]     [35mNone            [34m29/09/2024 15:01:22 [33m[DB]       [0mCreate a cursor . . .
[34m[DEBUG]    [35mNone            [34m29/09/2024 15:01:22 [34m[LESSONS]  [0mLoad lessons #algebra : 'Алгебра'
[34m[DEBUG]    [35mNone            [34m29/09/2024 15:01:22 [34m[LESSONS]  [0mLoad lessons #english_lang_1 : 'Англ. Яз. (1 группа)'
[34m[DEBUG]    [35mNone            [34m29/09/2024 15:01:22 [34m[LESSONS]  [0mLoad lessons #english_lang_2 : 'Англ. Яз. (2 группа)'
[34m[DEBUG]    [35mNone            [34m29/09/2024 15:01:22 [34m[LESSONS]  [0mLoad lessons #biology : 'Биология'
[34m[DEBUG]    [35mNone            [34m29/09/2024 15:01:22 [34m[LESSONS]  [0mLoad lessons #geography : 'География'
[34m[DEBUG]    [35mNone            [34m29/09/2024 15:01:22 [34m[LESSONS]  [0mLoad lessons #geometry : 'Геометрия'
[34m[DEBUG]    [35mNone            [34m29/09/2024 15:01:22 [34m[LESSONS]  [0mLoad lessons #computer_science_1 : 'Информатика (1 группа)'
[34m[DEBUG]    [35mNone            [34m29/09/2024 15:01:22 [34m[LESSONS]  [0mLoad lessons #computer_science_2 : 'Информатика (2 группа)'
[34m[DEBUG]    [35mNone            [34m29/09/2024 15:01:22 [34m[LESSONS]  [0mLoad lessons #story : 'История'
[34m[DEBUG]    [35mNone            [34m29/09/2024 15:01:22 [34m[LESSONS]  [0mLoad lessons #literature : 'Литература'
[34m[DEBUG]    [35mNone            [34m29/09/2024 15:01:22 [34m[LESSONS]  [0mLoad lessons #OBZR : 'ОБЗР'
[34m[DEBUG]    [35mNone            [34m29/09/2024 15:01:22 [34m[LESSONS]  [0mLoad lessons #social_science : 'Обществознание'
[34m[DEBUG]    [35mNone            [34m29/09/2024 15:01:22 [34m[LESSONS]  [0mLoad lessons #russian_lang : 'Русский язык'
[34m[DEBUG]    [35mNone            [34m29/09/2024 15:01:22 [34m[LESSONS]  [0mLoad lessons #technology : 'Технология'
[34m[DEBUG]    [35mNone            [34m29/09/2024 15:01:22 [34m[LESSONS]  [0mLoad lessons #physics : 'Физика'
[34m[DEBUG]    [35mNone            [34m29/09/2024 15:01:22 [34m[LESSONS]  [0mLoad lessons #chemistry : 'Химия'
[32m[INFO]     [35mNone            [34m29/09/2024 15:01:22 [34m[LESSONS]  [0mLoaded 16 lessons
[32m[INFO]     [35mNone            [34m29/09/2024 15:01:22 [33m[DB]       [0mConnecting to db . . .
[32m[INFO]     [35mNone            [34m29/09/2024 15:01:22 [33m[DB]       [0mCreate a cursor . . .
[32m[INFO]     [35mNone            [34m29/09/2024 15:01:22 [33m[DB]       [0mConnecting to db . . .
[32m[INFO]     [35mNone            [34m29/09/2024 15:01:22 [33m[DB]       [0mCreate a cursor . . .
[34m[INIT]     [35mNone            [34m29/09/2024 15:01:22 [32m[INIT]     [0m__BACK_IN_MAIN_MENU__: OK
[34m[INIT]     [35mNone            [34m29/09/2024 15:01:22 [32m[INIT]     [0m__PARAGRAPH__: OK
[33m[WARN]     [35mNone            [34m29/09/2024 15:01:22 [34m[LESSONS]  [0m['algebra', 'Алгебра']
[33m[WARN]     [35mNone            [34m29/09/2024 15:01:22 [34m[LESSONS]  [0m['english_lang_1', 'Англ. Яз. (1 группа)']
[33m[WARN]     [35mNone            [34m29/09/2024 15:01:22 [34m[LESSONS]  [0m['english_lang_2', 'Англ. Яз. (2 группа)']
[33m[WARN]     [35mNone            [34m29/09/2024 15:01:22 [34m[LESSONS]  [0m['biology', 'Биология']
[33m[WARN]     [35mNone            [34m29/09/2024 15:01:22 [34m[LESSONS]  [0m['geography', 'География']
[33m[WARN]     [35mNone            [34m29/09/2024 15:01:22 [34m[LESSONS]  [0m['geometry', 'Геометрия']
[33m[WARN]     [35mNone            [34m29/09/2024 15:01:22 [34m[LESSONS]  [0m['computer_science_1', 'Информатика (1 группа)']
[33m[WARN]     [35mNone            [34m29/09/2024 15:01:22 [34m[LESSONS]  [0m['computer_science_2', 'Информатика (2 группа)']
[33m[WARN]     [35mNone            [34m29/09/2024 15:01:22 [34m[LESSONS]  [0m['story', 'История']
[33m[WARN]     [35mNone            [34m29/09/2024 15:01:22 [34m[LESSONS]  [0m['literature', 'Литература']
[33m[WARN]     [35mNone            [34m29/09/2024 15:01:22 [34m[LESSONS]  [0m['OBZR', 'ОБЗР']
[33m[WARN]     [35mNone            [34m29/09/2024 15:01:22 [34m[LESSONS]  [0m['social_science', 'Обществознание']
[33m[WARN]     [35mNone            [34m29/09/2024 15:01:22 [34m[LESSONS]  [0m['russian_lang', 'Русский язык']
[33m[WARN]     [35mNone            [34m29/09/2024 15:01:22 [34m[LESSONS]  [0m['technology', 'Технология']
[33m[WARN]     [35mNone            [34m29/09/2024 15:01:22 [34m[LESSONS]  [0m['physics', 'Физика']
[33m[WARN]     [35mNone            [34m29/09/2024 15:01:22 [34m[LESSONS]  [0m['chemistry', 'Химия']
