[FORMAT]   [ID]            [TIME]              [MODULE]   [MESSAGE]
[35m[INIT]     [35mNone            [34m11/10/2024 17:56:29 [34m[LESSONS]  [0mLoad lesson algebra : 'Алгебра'
[35m[INIT]     [35mNone            [34m11/10/2024 17:56:29 [34m[LESSONS]  [0mLoad lesson english_lang_1 : 'Англ. Яз. (1 группа)'
[35m[INIT]     [35mNone            [34m11/10/2024 17:56:29 [34m[LESSONS]  [0mLoad lesson english_lang_2 : 'Англ. Яз. (2 группа)'
[35m[INIT]     [35mNone            [34m11/10/2024 17:56:29 [34m[LESSONS]  [0mLoad lesson biology : 'Биология'
[35m[INIT]     [35mNone            [34m11/10/2024 17:56:29 [34m[LESSONS]  [0mLoad lesson geography : 'География'
[35m[INIT]     [35mNone            [34m11/10/2024 17:56:29 [34m[LESSONS]  [0mLoad lesson geometry : 'Геометрия'
[35m[INIT]     [35mNone            [34m11/10/2024 17:56:29 [34m[LESSONS]  [0mLoad lesson computer_science_1 : 'Информатика (1 группа)'
[35m[INIT]     [35mNone            [34m11/10/2024 17:56:29 [34m[LESSONS]  [0mLoad lesson computer_science_2 : 'Информатика (2 группа)'
[35m[INIT]     [35mNone            [34m11/10/2024 17:56:29 [34m[LESSONS]  [0mLoad lesson story : 'История'
[35m[INIT]     [35mNone            [34m11/10/2024 17:56:29 [34m[LESSONS]  [0mLoad lesson literature : 'Литература'
[35m[INIT]     [35mNone            [34m11/10/2024 17:56:29 [34m[LESSONS]  [0mLoad lesson OBZR : 'ОБЗР'
[35m[INIT]     [35mNone            [34m11/10/2024 17:56:29 [34m[LESSONS]  [0mLoad lesson social_science : 'Обществознание'
[35m[INIT]     [35mNone            [34m11/10/2024 17:56:29 [34m[LESSONS]  [0mLoad lesson russian_lang : 'Русский язык'
[35m[INIT]     [35mNone            [34m11/10/2024 17:56:29 [34m[LESSONS]  [0mLoad lesson technology : 'Технология'
[35m[INIT]     [35mNone            [34m11/10/2024 17:56:29 [34m[LESSONS]  [0mLoad lesson physics : 'Физика'
[35m[INIT]     [35mNone            [34m11/10/2024 17:56:29 [34m[LESSONS]  [0mLoad lesson chemistry : 'Химия'
[35m[INIT]     [35mNone            [34m11/10/2024 17:56:29 [34m[LESSONS]  [0mLoaded 16 lessons
[32m[INFO]     [35m5731571131      [34m11/10/2024 17:56:35 [33m[DB]       [0mGetting Lessons
[32m[INFO]     [35m5731571131      [34m11/10/2024 17:57:47 [34m[SM]       [0mChecking isSession
[32m[INFO]     [35m5731571131      [34m11/10/2024 17:57:51 [33m[DB]       [0mGetting User: '5731571131'
[32m[INFO]     [35m5731571131      [34m11/10/2024 17:57:51 [33m[DB]       [0mGetting NetSchool
[32m[INFO]     [35m5731571131      [34m11/10/2024 17:57:51 [34m[SM]       [0mAdding new session
[32m[INFO]     [35m5731571131      [34m11/10/2024 17:58:29 [33m[DB]       [0mGetting User: '5731571131'
[32m[INFO]     [35m5731571131      [34m11/10/2024 17:58:29 [33m[DB]       [0mGetting NetSchool
[32m[INFO]     [35m5731571131      [34m11/10/2024 17:58:29 [34m[SM]       [0mAdding new session
[32m[INFO]     [35m5731571131      [34m11/10/2024 17:58:58 [33m[DB]       [0mGetting User: '5731571131'
[32m[INFO]     [35m5731571131      [34m11/10/2024 17:58:58 [33m[DB]       [0mGetting NetSchool
[32m[INFO]     [35m5731571131      [34m11/10/2024 17:58:58 [34m[SM]       [0mAdding new session
[32m[INFO]     [35m5731571131      [34m11/10/2024 17:59:22 [34m[SM]       [0mChecking isSession
[32m[INFO]     [35m5731571131      [34m11/10/2024 17:59:22 [34m[SM]       [0mGetting session
[32m[INFO]     [35m5731571131      [34m11/10/2024 17:59:37 [34m[SM]       [0mChecking isSession
[32m[INFO]     [35m5731571131      [34m11/10/2024 17:59:37 [34m[SM]       [0mGetting session
[32m[INFO]     [35m5731571131      [34m11/10/2024 18:00:15 [34m[SM]       [0mChecking isSession
[32m[INFO]     [35m5731571131      [34m11/10/2024 18:00:15 [34m[SM]       [0mGetting session
[32m[INFO]     [35m5731571131      [34m11/10/2024 18:01:00 [34m[SM]       [0mChecking isSession
[32m[INFO]     [35m5731571131      [34m11/10/2024 18:01:00 [34m[SM]       [0mGetting session
[32m[INFO]     [35m5731571131      [34m11/10/2024 18:02:05 [34m[SM]       [0mChecking isSession
[32m[INFO]     [35m5731571131      [34m11/10/2024 18:02:05 [34m[SM]       [0mGetting session
[32m[INFO]     [35m5731571131      [34m11/10/2024 18:02:52 [34m[SM]       [0mChecking isSession
[32m[INFO]     [35m5731571131      [34m11/10/2024 18:02:52 [34m[SM]       [0mGetting session
[32m[INFO]     [35m5731571131      [34m11/10/2024 18:03:20 [34m[SM]       [0mChecking isSession
[32m[INFO]     [35m5731571131      [34m11/10/2024 18:03:20 [34m[SM]       [0mGetting session
[32m[INFO]     [35m5731571131      [34m11/10/2024 18:04:11 [33m[DB]       [0mGetting Lessons
[32m[INFO]     [35m5731571131      [34m11/10/2024 18:05:26 [33m[DB]       [0mGetting Lessons
[32m[INFO]     [35m5731571131      [34m11/10/2024 18:05:54 [33m[DB]       [0mGetting Lessons
[32m[INFO]     [35m5731571131      [34m11/10/2024 18:06:10 [33m[DB]       [0mGetting Lessons
[32m[INFO]     [35m5731571131      [34m11/10/2024 18:06:37 [33m[DB]       [0mGetting Lessons
