[FORMAT]   [ID]            [TIME]              [MODULE]   [MESSAGE]
[35m[INIT]     [35mNone            [34m06/10/2024 19:46:16 [34m[LESSONS]  [0mLoad lesson algebra : 'Алгебра'
[35m[INIT]     [35mNone            [34m06/10/2024 19:46:16 [34m[LESSONS]  [0mLoad lesson english_lang_1 : 'Англ. Яз. (1 группа)'
[35m[INIT]     [35mNone            [34m06/10/2024 19:46:16 [34m[LESSONS]  [0mLoad lesson english_lang_2 : 'Англ. Яз. (2 группа)'
[35m[INIT]     [35mNone            [34m06/10/2024 19:46:16 [34m[LESSONS]  [0mLoad lesson biology : 'Биология'
[35m[INIT]     [35mNone            [34m06/10/2024 19:46:16 [34m[LESSONS]  [0mLoad lesson geography : 'География'
[35m[INIT]     [35mNone            [34m06/10/2024 19:46:16 [34m[LESSONS]  [0mLoad lesson geometry : 'Геометрия'
[35m[INIT]     [35mNone            [34m06/10/2024 19:46:16 [34m[LESSONS]  [0mLoad lesson computer_science_1 : 'Информатика (1 группа)'
[35m[INIT]     [35mNone            [34m06/10/2024 19:46:16 [34m[LESSONS]  [0mLoad lesson computer_science_2 : 'Информатика (2 группа)'
[35m[INIT]     [35mNone            [34m06/10/2024 19:46:16 [34m[LESSONS]  [0mLoad lesson story : 'История'
[35m[INIT]     [35mNone            [34m06/10/2024 19:46:16 [34m[LESSONS]  [0mLoad lesson literature : 'Литература'
[35m[INIT]     [35mNone            [34m06/10/2024 19:46:16 [34m[LESSONS]  [0mLoad lesson OBZR : 'ОБЗР'
[35m[INIT]     [35mNone            [34m06/10/2024 19:46:16 [34m[LESSONS]  [0mLoad lesson social_science : 'Обществознание'
[35m[INIT]     [35mNone            [34m06/10/2024 19:46:16 [34m[LESSONS]  [0mLoad lesson russian_lang : 'Русский язык'
[35m[INIT]     [35mNone            [34m06/10/2024 19:46:16 [34m[LESSONS]  [0mLoad lesson technology : 'Технология'
[35m[INIT]     [35mNone            [34m06/10/2024 19:46:16 [34m[LESSONS]  [0mLoad lesson physics : 'Физика'
[35m[INIT]     [35mNone            [34m06/10/2024 19:46:16 [34m[LESSONS]  [0mLoad lesson chemistry : 'Химия'
[35m[INIT]     [35mNone            [34m06/10/2024 19:46:16 [34m[LESSONS]  [0mLoaded 16 lessons
[35m[INIT]     [35mNone            [34m06/10/2024 19:46:16 [35m[INIT]     [0m__PARAGRAPH__: OK
[35m[INIT]     [35mNone            [34m06/10/2024 19:46:16 [35m[INIT]     [0m__UPDATE_HOMEWORK__: OK
[35m[INIT]     [35mNone            [34m06/10/2024 19:46:16 [35m[INIT]     [0m__UPDATE_HOMEWORK_P__: OK
[35m[INIT]     [35mNone            [34m06/10/2024 19:46:16 [35m[INIT]     [0m__UPDATE_URL__: OK
[35m[INIT]     [35mNone            [34m06/10/2024 19:46:16 [35m[INIT]     [0m__DELETE_SCHEDULE_WARN__: OK
[35m[INIT]     [35mNone            [34m06/10/2024 19:46:16 [35m[INIT]     [0m__DELETE_SCHEDULE__: OK
[35m[INIT]     [35mNone            [34m06/10/2024 19:46:16 [35m[INIT]     [0m__UPDATE_MENU__: OK
[35m[INIT]     [35mNone            [34m06/10/2024 19:46:16 [35m[INIT]     [0m__ADMIN_PANEL__: OK
[35m[INIT]     [35mNone            [34m06/10/2024 19:46:16 [35m[INIT]     [0m__NEWSLETTER_WARN__: OK
[35m[INIT]     [35mNone            [34m06/10/2024 19:46:16 [35m[INIT]     [0m__HOMEWORK__: OK
[35m[INIT]     [35mNone            [34m06/10/2024 19:46:16 [35m[INIT]     [0m__OFF__NOTIFICATIONS__: OK
[35m[INIT]     [35mNone            [34m06/10/2024 19:46:16 [33m[DB]       [0mConnecting to db
[35m[INIT]     [35mNone            [34m06/10/2024 19:46:16 [33m[DB]       [0mCreating tables
[35m[INIT]     [35mNone            [34m06/10/2024 19:46:16 [33m[DB]       [0mStarting sync lessons
[34m[DEBUG]    [35mNone            [34m06/10/2024 19:46:16 [33m[DB]       [0mSaving data to db
[32m[INFO]     [35mNone            [34m06/10/2024 19:46:16 [32m[MAIN]     [0mThe bot is running !
[32m[INFO]     [35m5731571131      [34m06/10/2024 19:46:22 [32m[HANDLER]  [0mReceived '[menu]'
[32m[INFO]     [35m5731571131      [34m06/10/2024 19:46:22 [33m[DB]       [0mGetting User: '5731571131'
[32m[INFO]     [35m5731571131      [34m06/10/2024 19:46:22 [33m[DB]       [0mGetting NetSchool
[34m[DEBUG]    [35m5731571131      [34m06/10/2024 19:46:22 [34m[UTILS]    [0mAdmin check: success
[32m[INFO]     [35m5731571131      [34m06/10/2024 19:46:22 [33m[DB]       [0mUpdating User
[34m[DEBUG]    [35m5731571131      [34m06/10/2024 19:46:22 [33m[DB]       [0mSaving data to db
[32m[INFO]     [35m5731571131      [34m06/10/2024 19:46:24 [32m[HANDLER]  [0mReceived '[lessons]'
[32m[INFO]     [35m5731571131      [34m06/10/2024 19:46:24 [32m[HANDLER]  [0mReceived '[menu]'
[32m[INFO]     [35m5731571131      [34m06/10/2024 19:46:24 [33m[DB]       [0mGetting NetSchool
[34m[DEBUG]    [35m5731571131      [34m06/10/2024 19:46:24 [34m[UTILS]    [0mAdmin check: success
[32m[INFO]     [35m5731571131      [34m06/10/2024 19:46:25 [33m[DB]       [0mUpdating User
[34m[DEBUG]    [35m5731571131      [34m06/10/2024 19:46:25 [33m[DB]       [0mSaving data to db
[32m[INFO]     [35m5731571131      [34m06/10/2024 19:46:25 [32m[HANDLER]  [0mReceived 'qw'
[34m[DEBUG]    [35m5731571131      [34m06/10/2024 19:46:25 [34m[UTILS]    [0mAdmin check: success
[32m[INFO]     [35m5731571131      [34m06/10/2024 19:46:29 [32m[HANDLER]  [0mReceived '[menu]'
[32m[INFO]     [35m5731571131      [34m06/10/2024 19:46:29 [33m[DB]       [0mGetting NetSchool
[34m[DEBUG]    [35m5731571131      [34m06/10/2024 19:46:29 [34m[UTILS]    [0mAdmin check: success
[32m[INFO]     [35m5731571131      [34m06/10/2024 19:46:29 [33m[DB]       [0mUpdating User
[34m[DEBUG]    [35m5731571131      [34m06/10/2024 19:46:29 [33m[DB]       [0mSaving data to db
[32m[INFO]     [35m5731571131      [34m06/10/2024 19:46:30 [32m[HANDLER]  [0mReceived '[lessons]'
[32m[INFO]     [35m5731571131      [34m06/10/2024 19:46:32 [32m[HANDLER]  [0mReceived '[lesson:show:physics]'
[32m[INFO]     [35m5731571131      [34m06/10/2024 19:46:32 [33m[DB]       [0mGetting Lesson: 'physics'
[34m[DEBUG]    [35m5731571131      [34m06/10/2024 19:46:32 [34m[UTILS]    [0mAdmin check: success
[32m[INFO]     [35m5731571131      [34m06/10/2024 19:46:33 [32m[HANDLER]  [0mReceived 'qw'
[34m[DEBUG]    [35m5731571131      [34m06/10/2024 19:46:33 [34m[UTILS]    [0mAdmin check: success
[32m[INFO]     [35m5731571131      [34m06/10/2024 19:46:35 [32m[HANDLER]  [0mReceived '[update:homework]'
[34m[DEBUG]    [35m5731571131      [34m06/10/2024 19:46:35 [34m[UTILS]    [0mAdmin check: success
[32m[INFO]     [35m5731571131      [34m06/10/2024 19:46:36 [32m[HANDLER]  [0mReceived '[paragraph]'
[32m[INFO]     [35m5731571131      [34m06/10/2024 19:46:40 [32m[HANDLER]  [0mReceived '§1'
[34m[DEBUG]    [35m5731571131      [34m06/10/2024 19:46:40 [34m[UTILS]    [0mAdmin check: success
[32m[INFO]     [35m5731571131      [34m06/10/2024 19:46:41 [32m[HANDLER]  [0mReceived '[update:homework]'
[34m[DEBUG]    [35m5731571131      [34m06/10/2024 19:46:41 [34m[UTILS]    [0mAdmin check: success
[32m[INFO]     [35m5731571131      [34m06/10/2024 19:46:43 [32m[HANDLER]  [0mReceived '[update:homework:geometry]'
[34m[DEBUG]    [35m5731571131      [34m06/10/2024 19:46:43 [34m[UTILS]    [0mAdmin check: success
[32m[INFO]     [35m5731571131      [34m06/10/2024 19:46:44 [33m[DB]       [0mSetting Lesson: 'geometry' / homework: '§1' / photo: 'False' / url: 'None'
[34m[DEBUG]    [35m5731571131      [34m06/10/2024 19:46:44 [33m[DB]       [0mSaving data to db
[33m[WARN]     [35m5731571131      [34m06/10/2024 19:46:44 [34m[UTILS]    [0mStart of the mailing
[32m[INFO]     [35m5731571131      [34m06/10/2024 19:46:44 [33m[DB]       [0mGetting Users . . .
[32m[INFO]     [35m5731571131      [34m06/10/2024 19:46:44 [34m[UTILS]    [0mSent: 5731571131
[32m[INFO]     [35m5731571131      [34m06/10/2024 19:46:44 [34m[UTILS]    [0mMailing is over
[32m[INFO]     [35m5731571131      [34m06/10/2024 19:46:46 [32m[HANDLER]  [0mReceived '[menu]'
[32m[INFO]     [35m5731571131      [34m06/10/2024 19:46:46 [33m[DB]       [0mGetting NetSchool
[34m[DEBUG]    [35m5731571131      [34m06/10/2024 19:46:46 [34m[UTILS]    [0mAdmin check: success
[32m[INFO]     [35m5731571131      [34m06/10/2024 19:46:46 [33m[DB]       [0mUpdating User
[34m[DEBUG]    [35m5731571131      [34m06/10/2024 19:46:46 [33m[DB]       [0mSaving data to db
[32m[INFO]     [35m5731571131      [34m06/10/2024 19:46:47 [32m[HANDLER]  [0mReceived '[lessons]'
[32m[INFO]     [35m5731571131      [34m06/10/2024 19:46:48 [32m[HANDLER]  [0mReceived '[lesson:show:geometry]'
[32m[INFO]     [35m5731571131      [34m06/10/2024 19:46:48 [33m[DB]       [0mGetting Lesson: 'geometry'
[34m[DEBUG]    [35m5731571131      [34m06/10/2024 19:46:48 [34m[UTILS]    [0mAdmin check: success
[32m[INFO]     [35m5731571131      [34m06/10/2024 19:46:49 [32m[HANDLER]  [0mReceived '[lesson:delete_warn:geometry]'
[34m[DEBUG]    [35m5731571131      [34m06/10/2024 19:46:49 [34m[UTILS]    [0mAdmin check: success
[32m[INFO]     [35m5731571131      [34m06/10/2024 19:46:49 [33m[DB]       [0mGetting Lesson: 'geometry'
[33m[WARN]     [35m5731571131      [34m06/10/2024 19:46:50 [32m[HANDLER]  [0mReceived '[lesson:delete:geometry]'
[34m[DEBUG]    [35m5731571131      [34m06/10/2024 19:46:50 [34m[UTILS]    [0mAdmin check: success
[32m[INFO]     [35m5731571131      [34m06/10/2024 19:46:50 [33m[DB]       [0mSetting Lesson: 'geometry' / homework: 'None' / photo: 'False' / url: 'None'
[34m[DEBUG]    [35m5731571131      [34m06/10/2024 19:46:50 [33m[DB]       [0mSaving data to db
[32m[INFO]     [35m5731571131      [34m06/10/2024 19:46:50 [32m[HANDLER]  [0mReceived '[menu]'
[32m[INFO]     [35m5731571131      [34m06/10/2024 19:46:50 [33m[DB]       [0mGetting NetSchool
[34m[DEBUG]    [35m5731571131      [34m06/10/2024 19:46:50 [34m[UTILS]    [0mAdmin check: success
[32m[INFO]     [35m5731571131      [34m06/10/2024 19:46:51 [33m[DB]       [0mUpdating User
[34m[DEBUG]    [35m5731571131      [34m06/10/2024 19:46:51 [33m[DB]       [0mSaving data to db
[32m[INFO]     [35m5731571131      [34m06/10/2024 19:46:52 [32m[HANDLER]  [0mReceived '[admin_panel]'
[34m[DEBUG]    [35m5731571131      [34m06/10/2024 19:46:52 [34m[UTILS]    [0mAdmin check: success
[33m[WARN]     [35m5731571131      [34m06/10/2024 19:46:52 [32m[HANDLER]  [0mAdmin logged into the panel . . .
[32m[INFO]     [35m5731571131      [34m06/10/2024 19:46:54 [32m[HANDLER]  [0mReceived '[admin_panel:newsletter_input]'
[34m[DEBUG]    [35m5731571131      [34m06/10/2024 19:46:54 [34m[UTILS]    [0mAdmin check: success
[32m[INFO]     [35m5731571131      [34m06/10/2024 19:46:55 [32m[HANDLER]  [0mReceived 'test'
[34m[DEBUG]    [35m5731571131      [34m06/10/2024 19:46:55 [34m[UTILS]    [0mAdmin check: success
[32m[INFO]     [35m5731571131      [34m06/10/2024 19:46:56 [32m[HANDLER]  [0mReceived '[admin_panel:newsletter]'
[34m[DEBUG]    [35m5731571131      [34m06/10/2024 19:46:56 [34m[UTILS]    [0mAdmin check: success
[33m[WARN]     [35m5731571131      [34m06/10/2024 19:46:56 [34m[UTILS]    [0mStart of the mailing
[32m[INFO]     [35m5731571131      [34m06/10/2024 19:46:56 [33m[DB]       [0mGetting Users . . .
[32m[INFO]     [35m5731571131      [34m06/10/2024 19:46:56 [34m[UTILS]    [0mSent: 5731571131
[32m[INFO]     [35m5731571131      [34m06/10/2024 19:46:56 [34m[UTILS]    [0mMailing is over
[32m[INFO]     [35m5731571131      [34m06/10/2024 19:46:57 [32m[HANDLER]  [0mReceived '[menu]'
[32m[INFO]     [35m5731571131      [34m06/10/2024 19:46:57 [33m[DB]       [0mGetting NetSchool
[34m[DEBUG]    [35m5731571131      [34m06/10/2024 19:46:57 [34m[UTILS]    [0mAdmin check: success
[32m[INFO]     [35m5731571131      [34m06/10/2024 19:46:58 [33m[DB]       [0mUpdating User
[34m[DEBUG]    [35m5731571131      [34m06/10/2024 19:46:58 [33m[DB]       [0mSaving data to db
