[FORMAT]   [ID]            [TIME]              [MODULE]   [MESSAGE]
[32m[INFO]     [35mNone            [34m28/09/2024 14:31:22 [33m[DB]       [0mConnecting to db . . .
[32m[INFO]     [35mNone            [34m28/09/2024 14:31:22 [33m[DB]       [0mCreate a course . . .
[34m[DEBUG]    [35mNone            [34m28/09/2024 14:31:22 [34m[UTILS]    [0mLoad lessons #0	'algebra'
[34m[DEBUG]    [35mNone            [34m28/09/2024 14:31:22 [34m[UTILS]    [0mLoad lessons #1	'english_lang_1'
[34m[DEBUG]    [35mNone            [34m28/09/2024 14:31:22 [34m[UTILS]    [0mLoad lessons #2	'english_lang_2'
[34m[DEBUG]    [35mNone            [34m28/09/2024 14:31:22 [34m[UTILS]    [0mLoad lessons #3	'biology'
[34m[DEBUG]    [35mNone            [34m28/09/2024 14:31:22 [34m[UTILS]    [0mLoad lessons #4	'geography'
[34m[DEBUG]    [35mNone            [34m28/09/2024 14:31:22 [34m[UTILS]    [0mLoad lessons #5	'geometry'
[34m[DEBUG]    [35mNone            [34m28/09/2024 14:31:22 [34m[UTILS]    [0mLoad lessons #6	'computer_science_1'
[34m[DEBUG]    [35mNone            [34m28/09/2024 14:31:22 [34m[UTILS]    [0mLoad lessons #7	'computer_science_2'
[34m[DEBUG]    [35mNone            [34m28/09/2024 14:31:22 [34m[UTILS]    [0mLoad lessons #8	'story'
[34m[DEBUG]    [35mNone            [34m28/09/2024 14:31:22 [34m[UTILS]    [0mLoad lessons #9	'literature'
[34m[DEBUG]    [35mNone            [34m28/09/2024 14:31:22 [34m[UTILS]    [0mLoad lessons #10	'OBZH'
[34m[DEBUG]    [35mNone            [34m28/09/2024 14:31:22 [34m[UTILS]    [0mLoad lessons #11	'social_science'
[34m[DEBUG]    [35mNone            [34m28/09/2024 14:31:22 [34m[UTILS]    [0mLoad lessons #12	'russian_lang'
[34m[DEBUG]    [35mNone            [34m28/09/2024 14:31:22 [34m[UTILS]    [0mLoad lessons #13	'TBIS'
[34m[DEBUG]    [35mNone            [34m28/09/2024 14:31:22 [34m[UTILS]    [0mLoad lessons #14	'technology'
[34m[DEBUG]    [35mNone            [34m28/09/2024 14:31:22 [34m[UTILS]    [0mLoad lessons #15	'physics'
[34m[DEBUG]    [35mNone            [34m28/09/2024 14:31:22 [34m[UTILS]    [0mLoad lessons #16	'chemistry'
[32m[INFO]     [35mNone            [34m28/09/2024 14:31:22 [34m[UTILS]    [0mLoaded 16 lessons
[32m[INFO]     [35mNone            [34m28/09/2024 14:31:22 [32m[MAIN]     [0mThe bot is running !
