[FORMAT]   [ID]            [TIME]              [MODULE]   [MESSAGE]
[35m[INIT]     [35mNone            [34m06/10/2024 19:42:48 [34m[LESSONS]  [0mLoad lesson algebra : 'Алгебра'
[35m[INIT]     [35mNone            [34m06/10/2024 19:42:48 [34m[LESSONS]  [0mLoad lesson english_lang_1 : 'Англ. Яз. (1 группа)'
[35m[INIT]     [35mNone            [34m06/10/2024 19:42:48 [34m[LESSONS]  [0mLoad lesson english_lang_2 : 'Англ. Яз. (2 группа)'
[35m[INIT]     [35mNone            [34m06/10/2024 19:42:48 [34m[LESSONS]  [0mLoad lesson biology : 'Биология'
[35m[INIT]     [35mNone            [34m06/10/2024 19:42:48 [34m[LESSONS]  [0mLoad lesson geography : 'География'
[35m[INIT]     [35mNone            [34m06/10/2024 19:42:48 [34m[LESSONS]  [0mLoad lesson geometry : 'Геометрия'
[35m[INIT]     [35mNone            [34m06/10/2024 19:42:48 [34m[LESSONS]  [0mLoad lesson computer_science_1 : 'Информатика (1 группа)'
[35m[INIT]     [35mNone            [34m06/10/2024 19:42:48 [34m[LESSONS]  [0mLoad lesson computer_science_2 : 'Информатика (2 группа)'
[35m[INIT]     [35mNone            [34m06/10/2024 19:42:48 [34m[LESSONS]  [0mLoad lesson story : 'История'
[35m[INIT]     [35mNone            [34m06/10/2024 19:42:48 [34m[LESSONS]  [0mLoad lesson literature : 'Литература'
[35m[INIT]     [35mNone            [34m06/10/2024 19:42:48 [34m[LESSONS]  [0mLoad lesson OBZR : 'ОБЗР'
[35m[INIT]     [35mNone            [34m06/10/2024 19:42:48 [34m[LESSONS]  [0mLoad lesson social_science : 'Обществознание'
[35m[INIT]     [35mNone            [34m06/10/2024 19:42:48 [34m[LESSONS]  [0mLoad lesson russian_lang : 'Русский язык'
[35m[INIT]     [35mNone            [34m06/10/2024 19:42:48 [34m[LESSONS]  [0mLoad lesson technology : 'Технология'
[35m[INIT]     [35mNone            [34m06/10/2024 19:42:48 [34m[LESSONS]  [0mLoad lesson physics : 'Физика'
[35m[INIT]     [35mNone            [34m06/10/2024 19:42:48 [34m[LESSONS]  [0mLoad lesson chemistry : 'Химия'
[35m[INIT]     [35mNone            [34m06/10/2024 19:42:48 [34m[LESSONS]  [0mLoaded 16 lessons
[35m[INIT]     [35mNone            [34m06/10/2024 19:42:48 [35m[INIT]     [0m__PARAGRAPH__: OK
[35m[INIT]     [35mNone            [34m06/10/2024 19:42:48 [35m[INIT]     [0m__UPDATE_HOMEWORK__: OK
[35m[INIT]     [35mNone            [34m06/10/2024 19:42:48 [35m[INIT]     [0m__UPDATE_HOMEWORK_P__: OK
[35m[INIT]     [35mNone            [34m06/10/2024 19:42:48 [35m[INIT]     [0m__UPDATE_URL__: OK
[35m[INIT]     [35mNone            [34m06/10/2024 19:42:48 [35m[INIT]     [0m__DELETE_SCHEDULE_WARN__: OK
[35m[INIT]     [35mNone            [34m06/10/2024 19:42:48 [35m[INIT]     [0m__DELETE_SCHEDULE__: OK
[35m[INIT]     [35mNone            [34m06/10/2024 19:42:48 [35m[INIT]     [0m__UPDATE_MENU__: OK
[35m[INIT]     [35mNone            [34m06/10/2024 19:42:48 [35m[INIT]     [0m__ADMIN_PANEL__: OK
[35m[INIT]     [35mNone            [34m06/10/2024 19:42:48 [35m[INIT]     [0m__NEWSLETTER_WARN__: OK
[35m[INIT]     [35mNone            [34m06/10/2024 19:42:48 [35m[INIT]     [0m__HOMEWORK__: OK
[35m[INIT]     [35mNone            [34m06/10/2024 19:42:48 [35m[INIT]     [0m__OFF__NOTIFICATIONS__: OK
[35m[INIT]     [35mNone            [34m06/10/2024 19:42:48 [33m[DB]       [0mConnecting to db
[35m[INIT]     [35mNone            [34m06/10/2024 19:42:48 [33m[DB]       [0mCreating tables
[35m[INIT]     [35mNone            [34m06/10/2024 19:42:48 [33m[DB]       [0mStarting sync lessons
[34m[DEBUG]    [35mNone            [34m06/10/2024 19:42:48 [33m[DB]       [0mSaving data to db
[32m[INFO]     [35mNone            [34m06/10/2024 19:42:48 [32m[MAIN]     [0mThe bot is running !
[32m[INFO]     [35m5731571131      [34m06/10/2024 19:42:50 [32m[HANDLER]  [0mReceived '[lesson:show:OBZR]'
[32m[INFO]     [35m5731571131      [34m06/10/2024 19:42:50 [33m[DB]       [0mGetting Lesson: 'OBZR'
[34m[DEBUG]    [35m5731571131      [34m06/10/2024 19:42:50 [34m[UTILS]    [0mAdmin check: success
[32m[INFO]     [35m5731571131      [34m06/10/2024 19:42:51 [32m[HANDLER]  [0mReceived '[lesson:delete_warn:OBZR]'
[34m[DEBUG]    [35m5731571131      [34m06/10/2024 19:42:51 [34m[UTILS]    [0mAdmin check: success
[32m[INFO]     [35m5731571131      [34m06/10/2024 19:42:51 [33m[DB]       [0mGetting Lesson: 'OBZR'
[33m[WARN]     [35m5731571131      [34m06/10/2024 19:42:52 [32m[HANDLER]  [0mReceived '[lesson:delete:OBZR]'
[34m[DEBUG]    [35m5731571131      [34m06/10/2024 19:42:52 [34m[UTILS]    [0mAdmin check: success
[32m[INFO]     [35m5731571131      [34m06/10/2024 19:42:52 [33m[DB]       [0mSetting Lesson: 'OBZR' / homework: 'None' / photo: 'False' / url: 'None'
[34m[DEBUG]    [35m5731571131      [34m06/10/2024 19:42:52 [33m[DB]       [0mSaving data to db
[32m[INFO]     [35m5731571131      [34m06/10/2024 19:42:56 [32m[HANDLER]  [0mReceived '[menu]'
[32m[INFO]     [35m5731571131      [34m06/10/2024 19:42:56 [33m[DB]       [0mGetting User: '5731571131'
[32m[INFO]     [35m5731571131      [34m06/10/2024 19:42:56 [33m[DB]       [0mGetting NetSchool
[34m[DEBUG]    [35m5731571131      [34m06/10/2024 19:42:56 [34m[UTILS]    [0mAdmin check: success
[32m[INFO]     [35m5731571131      [34m06/10/2024 19:42:56 [33m[DB]       [0mUpdating User
[34m[DEBUG]    [35m5731571131      [34m06/10/2024 19:42:56 [33m[DB]       [0mSaving data to db
[32m[INFO]     [35m5731571131      [34m06/10/2024 19:42:57 [32m[HANDLER]  [0mReceived '[lessons]'
[32m[INFO]     [35m5731571131      [34m06/10/2024 19:42:58 [32m[HANDLER]  [0mReceived '[lesson:show:physics]'
[32m[INFO]     [35m5731571131      [34m06/10/2024 19:42:58 [33m[DB]       [0mGetting Lesson: 'physics'
[34m[DEBUG]    [35m5731571131      [34m06/10/2024 19:42:58 [34m[UTILS]    [0mAdmin check: success
[32m[INFO]     [35m5731571131      [34m06/10/2024 19:43:00 [32m[HANDLER]  [0mReceived '[lesson:delete_warn:physics]'
[34m[DEBUG]    [35m5731571131      [34m06/10/2024 19:43:00 [34m[UTILS]    [0mAdmin check: success
[32m[INFO]     [35m5731571131      [34m06/10/2024 19:43:00 [33m[DB]       [0mGetting Lesson: 'physics'
[33m[WARN]     [35m5731571131      [34m06/10/2024 19:43:01 [32m[HANDLER]  [0mReceived '[lesson:delete:physics]'
[34m[DEBUG]    [35m5731571131      [34m06/10/2024 19:43:01 [34m[UTILS]    [0mAdmin check: success
[32m[INFO]     [35m5731571131      [34m06/10/2024 19:43:01 [33m[DB]       [0mSetting Lesson: 'physics' / homework: 'None' / photo: 'False' / url: 'None'
[34m[DEBUG]    [35m5731571131      [34m06/10/2024 19:43:01 [33m[DB]       [0mSaving data to db
[32m[INFO]     [35m5731571131      [34m06/10/2024 19:43:02 [32m[HANDLER]  [0mReceived '[lesson:show:physics]'
[32m[INFO]     [35m5731571131      [34m06/10/2024 19:43:02 [33m[DB]       [0mGetting Lesson: 'physics'
[34m[DEBUG]    [35m5731571131      [34m06/10/2024 19:43:02 [34m[UTILS]    [0mAdmin check: success
